<?xml version="1.0" encoding="UTF-8"?>
<coverage generated="1573824726351" clover="3.2.0">
  <project timestamp="1573824726351" name="All files">
    <metrics statements="68" coveredstatements="64" conditionals="17" coveredconditionals="14" methods="22" coveredmethods="20" elements="107" coveredelements="98" complexity="0" loc="68" ncloc="68" packages="4" files="8" classes="8"/>
    <package name="src">
      <metrics statements="12" coveredstatements="12" conditionals="3" coveredconditionals="3" methods="3" coveredmethods="3"/>
      <file name="App.js" path="/Users/tomgalligan/Documents/FACxBeamery/Week9/tech-test-tom/client/src/App.js">
        <metrics statements="1" coveredstatements="1" conditionals="0" coveredconditionals="0" methods="1" coveredmethods="1"/>
        <line num="10" count="3" type="stmt"/>
      </file>
      <file name="AppContext.js" path="/Users/tomgalligan/Documents/FACxBeamery/Week9/tech-test-tom/client/src/AppContext.js">
        <metrics statements="10" coveredstatements="10" conditionals="3" coveredconditionals="3" methods="2" coveredmethods="2"/>
        <line num="4" count="1" type="stmt"/>
        <line num="11" count="1" type="stmt"/>
        <line num="13" count="1" type="stmt"/>
        <line num="14" count="21" type="cond" truecount="3" falsecount="0"/>
        <line num="16" count="15" type="stmt"/>
        <line num="18" count="4" type="stmt"/>
        <line num="20" count="2" type="stmt"/>
        <line num="24" count="1" type="stmt"/>
        <line num="25" count="17" type="stmt"/>
        <line num="26" count="17" type="stmt"/>
      </file>
      <file name="mockResponse.js" path="/Users/tomgalligan/Documents/FACxBeamery/Week9/tech-test-tom/client/src/mockResponse.js">
        <metrics statements="1" coveredstatements="1" conditionals="0" coveredconditionals="0" methods="0" coveredmethods="0"/>
        <line num="2" count="1" type="stmt"/>
      </file>
    </package>
    <package name="src.components">
      <metrics statements="11" coveredstatements="9" conditionals="2" coveredconditionals="2" methods="4" coveredmethods="2"/>
      <file name="JobCard.js" path="/Users/tomgalligan/Documents/FACxBeamery/Week9/tech-test-tom/client/src/components/JobCard.js">
        <metrics statements="2" coveredstatements="1" conditionals="0" coveredconditionals="0" methods="1" coveredmethods="0"/>
        <line num="3" count="1" type="stmt"/>
        <line num="5" count="0" type="stmt"/>
      </file>
      <file name="JobList.js" path="/Users/tomgalligan/Documents/FACxBeamery/Week9/tech-test-tom/client/src/components/JobList.js">
        <metrics statements="7" coveredstatements="6" conditionals="2" coveredconditionals="2" methods="2" coveredmethods="1"/>
        <line num="5" count="1" type="stmt"/>
        <line num="6" count="17" type="stmt"/>
        <line num="7" count="17" type="cond" truecount="2" falsecount="0"/>
        <line num="8" count="4" type="stmt"/>
        <line num="10" count="13" type="stmt"/>
        <line num="11" count="0" type="stmt"/>
        <line num="14" count="13" type="stmt"/>
      </file>
      <file name="WelcomePage.js" path="/Users/tomgalligan/Documents/FACxBeamery/Week9/tech-test-tom/client/src/components/WelcomePage.js">
        <metrics statements="2" coveredstatements="2" conditionals="0" coveredconditionals="0" methods="1" coveredmethods="1"/>
        <line num="5" count="1" type="stmt"/>
        <line num="6" count="3" type="stmt"/>
      </file>
    </package>
    <package name="src.components.searchForm">
      <metrics statements="37" coveredstatements="36" conditionals="10" coveredconditionals="8" methods="13" coveredmethods="13"/>
      <file name="SearchField.js" path="/Users/tomgalligan/Documents/FACxBeamery/Week9/tech-test-tom/client/src/components/searchForm/SearchField.js">
        <metrics statements="37" coveredstatements="36" conditionals="10" coveredconditionals="8" methods="13" coveredmethods="13"/>
        <line num="5" count="128769" type="stmt"/>
        <line num="8" count="1" type="stmt"/>
        <line num="9" count="13" type="cond" truecount="2" falsecount="0"/>
        <line num="10" count="3" type="stmt"/>
        <line num="11" count="3" type="stmt"/>
        <line num="13" count="3" type="cond" truecount="1" falsecount="1"/>
        <line num="14" count="65367" type="stmt"/>
        <line num="18" count="1" type="stmt"/>
        <line num="19" count="17" type="stmt"/>
        <line num="21" count="17" type="stmt"/>
        <line num="22" count="1" type="stmt"/>
        <line num="23" count="1" type="stmt"/>
        <line num="24" count="1" type="stmt"/>
        <line num="25" count="1" type="stmt"/>
        <line num="28" count="17" type="stmt"/>
        <line num="29" count="1" type="stmt"/>
        <line num="30" count="1" type="stmt"/>
        <line num="31" count="1" type="stmt"/>
        <line num="32" count="1" type="stmt"/>
        <line num="33" count="1" type="stmt"/>
        <line num="36" count="17" type="stmt"/>
        <line num="37" count="1" type="stmt"/>
        <line num="39" count="17" type="stmt"/>
        <line num="40" count="3" type="stmt"/>
        <line num="41" count="3" type="stmt"/>
        <line num="42" count="3" type="cond" truecount="1" falsecount="1"/>
        <line num="43" count="0" type="stmt"/>
        <line num="47" count="17" type="stmt"/>
        <line num="48" count="13" type="stmt"/>
        <line num="50" count="17" type="stmt"/>
        <line num="51" count="7" type="stmt"/>
        <line num="53" count="17" type="cond" truecount="2" falsecount="0"/>
        <line num="54" count="78" type="stmt"/>
        <line num="55" count="1" type="stmt"/>
        <line num="63" count="17" type="stmt"/>
        <line num="75" count="3" type="stmt"/>
        <line num="76" count="3" type="stmt"/>
      </file>
    </package>
    <package name="src.utils">
      <metrics statements="8" coveredstatements="7" conditionals="2" coveredconditionals="1" methods="2" coveredmethods="2"/>
      <file name="getJobs.js" path="/Users/tomgalligan/Documents/FACxBeamery/Week9/tech-test-tom/client/src/utils/getJobs.js">
        <metrics statements="8" coveredstatements="7" conditionals="2" coveredconditionals="1" methods="2" coveredmethods="2"/>
        <line num="1" count="1" type="stmt"/>
        <line num="2" count="2" type="cond" truecount="1" falsecount="1"/>
        <line num="3" count="2" type="stmt"/>
        <line num="5" count="0" type="stmt"/>
        <line num="8" count="1" type="stmt"/>
        <line num="9" count="2" type="stmt"/>
        <line num="13" count="2" type="stmt"/>
        <line num="14" count="2" type="stmt"/>
      </file>
    </package>
  </project>
</coverage>
