{"/Users/tomgalligan/Documents/FACxBeamery/Week9/tech-test-tom/client/src/App.js": {"path":"/Users/tomgalligan/Documents/FACxBeamery/Week9/tech-test-tom/client/src/App.js","statementMap":{"0":{"start":{"line":10,"column":4},"end":{"line":14,"column":5}}},"fnMap":{"0":{"name":"App","decl":{"start":{"line":8,"column":9},"end":{"line":8,"column":12}},"loc":{"start":{"line":8,"column":15},"end":{"line":15,"column":1}},"line":8}},"branchMap":{},"s":{"0":3},"f":{"0":3},"b":{},"_coverageSchema":"43e27e138ebf9cfc5966b082cf9a028302ed4184","hash":"0d1c30d135e6b722ef5e50fffd618eaf5a23fda3"}
,"/Users/tomgalligan/Documents/FACxBeamery/Week9/tech-test-tom/client/src/AppContext.js": {"path":"/Users/tomgalligan/Documents/FACxBeamery/Week9/tech-test-tom/client/src/AppContext.js","statementMap":{"0":{"start":{"line":4,"column":21},"end":{"line":9,"column":1}},"1":{"start":{"line":11,"column":19},"end":{"line":11,"column":46}},"2":{"start":{"line":13,"column":16},"end":{"line":22,"column":1}},"3":{"start":{"line":14,"column":4},"end":{"line":21,"column":5}},"4":{"start":{"line":16,"column":12},"end":{"line":16,"column":64}},"5":{"start":{"line":18,"column":12},"end":{"line":18,"column":58}},"6":{"start":{"line":20,"column":12},"end":{"line":20,"column":53}},"7":{"start":{"line":24,"column":20},"end":{"line":31,"column":1}},"8":{"start":{"line":25,"column":30},"end":{"line":25,"column":63}},"9":{"start":{"line":26,"column":4},"end":{"line":30,"column":5}}},"fnMap":{"0":{"name":"(anonymous_0)","decl":{"start":{"line":13,"column":16},"end":{"line":13,"column":17}},"loc":{"start":{"line":13,"column":35},"end":{"line":22,"column":1}},"line":13},"1":{"name":"(anonymous_1)","decl":{"start":{"line":24,"column":20},"end":{"line":24,"column":21}},"loc":{"start":{"line":24,"column":31},"end":{"line":31,"column":1}},"line":24}},"branchMap":{"0":{"loc":{"start":{"line":14,"column":4},"end":{"line":21,"column":5}},"type":"switch","locations":[{"start":{"line":15,"column":8},"end":{"line":16,"column":64}},{"start":{"line":17,"column":8},"end":{"line":18,"column":58}},{"start":{"line":19,"column":8},"end":{"line":20,"column":53}}],"line":14}},"s":{"0":1,"1":1,"2":1,"3":21,"4":15,"5":4,"6":2,"7":1,"8":17,"9":17},"f":{"0":21,"1":17},"b":{"0":[15,4,2]},"_coverageSchema":"43e27e138ebf9cfc5966b082cf9a028302ed4184","hash":"ead23d6c35e4b816693ca8ec11af72317c65f5af"}
,"/Users/tomgalligan/Documents/FACxBeamery/Week9/tech-test-tom/client/src/mockResponse.js": {"path":"/Users/tomgalligan/Documents/FACxBeamery/Week9/tech-test-tom/client/src/mockResponse.js","statementMap":{"0":{"start":{"line":2,"column":4},"end":{"line":75,"column":5}}},"fnMap":{},"branchMap":{},"s":{"0":1},"f":{},"b":{},"_coverageSchema":"43e27e138ebf9cfc5966b082cf9a028302ed4184","hash":"58c9e7c6eba59c5b7ee8c28e76f295fc2f3e394e"}
,"/Users/tomgalligan/Documents/FACxBeamery/Week9/tech-test-tom/client/src/components/JobCard.js": {"path":"/Users/tomgalligan/Documents/FACxBeamery/Week9/tech-test-tom/client/src/components/JobCard.js","statementMap":{"0":{"start":{"line":3,"column":16},"end":{"line":15,"column":1}},"1":{"start":{"line":5,"column":4},"end":{"line":13,"column":5}}},"fnMap":{"0":{"name":"(anonymous_0)","decl":{"start":{"line":3,"column":16},"end":{"line":3,"column":17}},"loc":{"start":{"line":3,"column":35},"end":{"line":15,"column":1}},"line":3}},"branchMap":{},"s":{"0":1,"1":0},"f":{"0":0},"b":{},"_coverageSchema":"43e27e138ebf9cfc5966b082cf9a028302ed4184","hash":"3f651a1033b0985743982aec0d0300857737389d"}
,"/Users/tomgalligan/Documents/FACxBeamery/Week9/tech-test-tom/client/src/components/JobList.js": {"path":"/Users/tomgalligan/Documents/FACxBeamery/Week9/tech-test-tom/client/src/components/JobList.js","statementMap":{"0":{"start":{"line":5,"column":16},"end":{"line":20,"column":1}},"1":{"start":{"line":6,"column":22},"end":{"line":6,"column":44}},"2":{"start":{"line":7,"column":4},"end":{"line":19,"column":5}},"3":{"start":{"line":8,"column":8},"end":{"line":8,"column":64}},"4":{"start":{"line":10,"column":29},"end":{"line":12,"column":10}},"5":{"start":{"line":11,"column":12},"end":{"line":11,"column":59}},"6":{"start":{"line":14,"column":8},"end":{"line":18,"column":9}}},"fnMap":{"0":{"name":"(anonymous_0)","decl":{"start":{"line":5,"column":16},"end":{"line":5,"column":17}},"loc":{"start":{"line":5,"column":22},"end":{"line":20,"column":1}},"line":5},"1":{"name":"(anonymous_1)","decl":{"start":{"line":10,"column":44},"end":{"line":10,"column":45}},"loc":{"start":{"line":10,"column":53},"end":{"line":12,"column":9}},"line":10}},"branchMap":{"0":{"loc":{"start":{"line":7,"column":4},"end":{"line":19,"column":5}},"type":"if","locations":[{"start":{"line":7,"column":4},"end":{"line":19,"column":5}},{"start":{"line":7,"column":4},"end":{"line":19,"column":5}}],"line":7}},"s":{"0":1,"1":17,"2":17,"3":4,"4":13,"5":0,"6":13},"f":{"0":17,"1":0},"b":{"0":[4,13]},"_coverageSchema":"43e27e138ebf9cfc5966b082cf9a028302ed4184","hash":"ad4453394efe90485dc32e7296a236bda0954eb4"}
,"/Users/tomgalligan/Documents/FACxBeamery/Week9/tech-test-tom/client/src/components/WelcomePage.js": {"path":"/Users/tomgalligan/Documents/FACxBeamery/Week9/tech-test-tom/client/src/components/WelcomePage.js","statementMap":{"0":{"start":{"line":5,"column":20},"end":{"line":20,"column":1}},"1":{"start":{"line":6,"column":4},"end":{"line":19,"column":5}}},"fnMap":{"0":{"name":"(anonymous_0)","decl":{"start":{"line":5,"column":20},"end":{"line":5,"column":21}},"loc":{"start":{"line":5,"column":26},"end":{"line":20,"column":1}},"line":5}},"branchMap":{},"s":{"0":1,"1":3},"f":{"0":3},"b":{},"_coverageSchema":"43e27e138ebf9cfc5966b082cf9a028302ed4184","hash":"4332002a61a591408529e945df6ea0150fb3ab2e"}
,"/Users/tomgalligan/Documents/FACxBeamery/Week9/tech-test-tom/client/src/components/searchForm/SearchField.js": {"path":"/Users/tomgalligan/Documents/FACxBeamery/Week9/tech-test-tom/client/src/components/searchForm/SearchField.js","statementMap":{"0":{"start":{"line":5,"column":15},"end":{"line":6,"column":39}},"1":{"start":{"line":5,"column":53},"end":{"line":6,"column":38}},"2":{"start":{"line":8,"column":23},"end":{"line":16,"column":1}},"3":{"start":{"line":9,"column":4},"end":{"line":9,"column":29}},"4":{"start":{"line":9,"column":18},"end":{"line":9,"column":27}},"5":{"start":{"line":10,"column":23},"end":{"line":10,"column":49}},"6":{"start":{"line":11,"column":24},"end":{"line":11,"column":41}},"7":{"start":{"line":13,"column":4},"end":{"line":15,"column":6}},"8":{"start":{"line":14,"column":8},"end":{"line":14,"column":68}},"9":{"start":{"line":18,"column":20},"end":{"line":88,"column":1}},"10":{"start":{"line":19,"column":32},"end":{"line":19,"column":54}},"11":{"start":{"line":21,"column":29},"end":{"line":26,"column":5}},"12":{"start":{"line":22,"column":8},"end":{"line":22,"column":30}},"13":{"start":{"line":23,"column":24},"end":{"line":23,"column":54}},"14":{"start":{"line":24,"column":8},"end":{"line":24,"column":60}},"15":{"start":{"line":25,"column":8},"end":{"line":25,"column":60}},"16":{"start":{"line":28,"column":30},"end":{"line":34,"column":5}},"17":{"start":{"line":29,"column":8},"end":{"line":29,"column":30}},"18":{"start":{"line":30,"column":8},"end":{"line":30,"column":74}},"19":{"start":{"line":31,"column":24},"end":{"line":31,"column":47}},"20":{"start":{"line":32,"column":8},"end":{"line":32,"column":60}},"21":{"start":{"line":33,"column":8},"end":{"line":33,"column":26}},"22":{"start":{"line":36,"column":29},"end":{"line":38,"column":5}},"23":{"start":{"line":37,"column":8},"end":{"line":37,"column":60}},"24":{"start":{"line":39,"column":28},"end":{"line":45,"column":5}},"25":{"start":{"line":40,"column":8},"end":{"line":40,"column":74}},"26":{"start":{"line":41,"column":8},"end":{"line":41,"column":27}},"27":{"start":{"line":42,"column":8},"end":{"line":44,"column":9}},"28":{"start":{"line":43,"column":12},"end":{"line":43,"column":30}},"29":{"start":{"line":47,"column":30},"end":{"line":49,"column":5}},"30":{"start":{"line":48,"column":8},"end":{"line":48,"column":89}},"31":{"start":{"line":50,"column":4},"end":{"line":52,"column":25}},"32":{"start":{"line":51,"column":8},"end":{"line":51,"column":27}},"33":{"start":{"line":53,"column":32},"end":{"line":62,"column":6}},"34":{"start":{"line":54,"column":8},"end":{"line":61,"column":19}},"35":{"start":{"line":55,"column":12},"end":{"line":55,"column":69}},"36":{"start":{"line":63,"column":4},"end":{"line":87,"column":5}},"37":{"start":{"line":75,"column":28},"end":{"line":75,"column":50}},"38":{"start":{"line":76,"column":28},"end":{"line":76,"column":47}}},"fnMap":{"0":{"name":"(anonymous_0)","decl":{"start":{"line":5,"column":45},"end":{"line":5,"column":46}},"loc":{"start":{"line":5,"column":53},"end":{"line":6,"column":38}},"line":5},"1":{"name":"(anonymous_1)","decl":{"start":{"line":8,"column":23},"end":{"line":8,"column":24}},"loc":{"start":{"line":8,"column":32},"end":{"line":16,"column":1}},"line":8},"2":{"name":"(anonymous_2)","decl":{"start":{"line":13,"column":50},"end":{"line":13,"column":51}},"loc":{"start":{"line":14,"column":8},"end":{"line":14,"column":68}},"line":14},"3":{"name":"(anonymous_3)","decl":{"start":{"line":18,"column":20},"end":{"line":18,"column":21}},"loc":{"start":{"line":18,"column":26},"end":{"line":88,"column":1}},"line":18},"4":{"name":"(anonymous_4)","decl":{"start":{"line":21,"column":29},"end":{"line":21,"column":30}},"loc":{"start":{"line":21,"column":46},"end":{"line":26,"column":5}},"line":21},"5":{"name":"(anonymous_5)","decl":{"start":{"line":28,"column":30},"end":{"line":28,"column":31}},"loc":{"start":{"line":28,"column":57},"end":{"line":34,"column":5}},"line":28},"6":{"name":"(anonymous_6)","decl":{"start":{"line":36,"column":29},"end":{"line":36,"column":30}},"loc":{"start":{"line":36,"column":35},"end":{"line":38,"column":5}},"line":36},"7":{"name":"(anonymous_7)","decl":{"start":{"line":39,"column":28},"end":{"line":39,"column":29}},"loc":{"start":{"line":39,"column":39},"end":{"line":45,"column":5}},"line":39},"8":{"name":"(anonymous_8)","decl":{"start":{"line":47,"column":30},"end":{"line":47,"column":31}},"loc":{"start":{"line":47,"column":36},"end":{"line":49,"column":5}},"line":47},"9":{"name":"(anonymous_9)","decl":{"start":{"line":50,"column":20},"end":{"line":50,"column":21}},"loc":{"start":{"line":50,"column":26},"end":{"line":52,"column":5}},"line":50},"10":{"name":"(anonymous_10)","decl":{"start":{"line":53,"column":102},"end":{"line":53,"column":103}},"loc":{"start":{"line":53,"column":112},"end":{"line":62,"column":5}},"line":53},"11":{"name":"(anonymous_11)","decl":{"start":{"line":54,"column":33},"end":{"line":54,"column":34}},"loc":{"start":{"line":55,"column":12},"end":{"line":55,"column":69}},"line":55},"12":{"name":"(anonymous_12)","decl":{"start":{"line":74,"column":34},"end":{"line":74,"column":35}},"loc":{"start":{"line":74,"column":45},"end":{"line":77,"column":25}},"line":74}},"branchMap":{"0":{"loc":{"start":{"line":9,"column":4},"end":{"line":9,"column":29}},"type":"if","locations":[{"start":{"line":9,"column":4},"end":{"line":9,"column":29}},{"start":{"line":9,"column":4},"end":{"line":9,"column":29}}],"line":9},"1":{"loc":{"start":{"line":13,"column":11},"end":{"line":15,"column":5}},"type":"cond-expr","locations":[{"start":{"line":13,"column":31},"end":{"line":13,"column":33}},{"start":{"line":13,"column":36},"end":{"line":15,"column":5}}],"line":13},"2":{"loc":{"start":{"line":42,"column":8},"end":{"line":44,"column":9}},"type":"if","locations":[{"start":{"line":42,"column":8},"end":{"line":44,"column":9}},{"start":{"line":42,"column":8},"end":{"line":44,"column":9}}],"line":42},"3":{"loc":{"start":{"line":53,"column":32},"end":{"line":62,"column":6}},"type":"cond-expr","locations":[{"start":{"line":53,"column":71},"end":{"line":53,"column":73}},{"start":{"line":53,"column":76},"end":{"line":62,"column":6}}],"line":53},"4":{"loc":{"start":{"line":71,"column":31},"end":{"line":71,"column":52}},"type":"binary-expr","locations":[{"start":{"line":71,"column":31},"end":{"line":71,"column":46}},{"start":{"line":71,"column":50},"end":{"line":71,"column":52}}],"line":71}},"s":{"0":1,"1":128769,"2":1,"3":13,"4":10,"5":3,"6":3,"7":3,"8":65367,"9":1,"10":17,"11":17,"12":1,"13":1,"14":1,"15":1,"16":17,"17":1,"18":1,"19":1,"20":1,"21":1,"22":17,"23":1,"24":17,"25":3,"26":3,"27":3,"28":0,"29":17,"30":13,"31":17,"32":7,"33":17,"34":78,"35":1,"36":17,"37":3,"38":3},"f":{"0":128769,"1":13,"2":65367,"3":17,"4":1,"5":1,"6":1,"7":3,"8":13,"9":7,"10":78,"11":1,"12":3},"b":{"0":[10,3],"1":[0,3],"2":[0,3],"3":[11,6],"4":[17,7]},"_coverageSchema":"43e27e138ebf9cfc5966b082cf9a028302ed4184","hash":"1ac51375dfabacabc67178e442b5956b5b35c8f9"}
,"/Users/tomgalligan/Documents/FACxBeamery/Week9/tech-test-tom/client/src/utils/getJobs.js": {"path":"/Users/tomgalligan/Documents/FACxBeamery/Week9/tech-test-tom/client/src/utils/getJobs.js","statementMap":{"0":{"start":{"line":1,"column":22},"end":{"line":6,"column":1}},"1":{"start":{"line":2,"column":4},"end":{"line":4,"column":5}},"2":{"start":{"line":3,"column":8},"end":{"line":3,"column":31}},"3":{"start":{"line":5,"column":4},"end":{"line":5,"column":27}},"4":{"start":{"line":8,"column":16},"end":{"line":15,"column":1}},"5":{"start":{"line":9,"column":21},"end":{"line":11,"column":5}},"6":{"start":{"line":13,"column":28},"end":{"line":13,"column":57}},"7":{"start":{"line":14,"column":4},"end":{"line":14,"column":26}}},"fnMap":{"0":{"name":"(anonymous_0)","decl":{"start":{"line":1,"column":22},"end":{"line":1,"column":23}},"loc":{"start":{"line":1,"column":36},"end":{"line":6,"column":1}},"line":1},"1":{"name":"(anonymous_1)","decl":{"start":{"line":8,"column":16},"end":{"line":8,"column":17}},"loc":{"start":{"line":8,"column":36},"end":{"line":15,"column":1}},"line":8}},"branchMap":{"0":{"loc":{"start":{"line":2,"column":4},"end":{"line":4,"column":5}},"type":"if","locations":[{"start":{"line":2,"column":4},"end":{"line":4,"column":5}},{"start":{"line":2,"column":4},"end":{"line":4,"column":5}}],"line":2}},"s":{"0":1,"1":2,"2":2,"3":0,"4":1,"5":2,"6":2,"7":2},"f":{"0":2,"1":2},"b":{"0":[2,0]},"_coverageSchema":"43e27e138ebf9cfc5966b082cf9a028302ed4184","hash":"72eddf23586104e41bfb49d6ee0b04de48df8eb1"}
}
