TN:
SF:/Users/tomgalligan/Documents/FACxBeamery/Week9/tech-test-tom/client/src/App.js
FN:8,App
FNF:1
FNH:1
FNDA:3,App
DA:10,3
LF:1
LH:1
BRF:0
BRH:0
end_of_record
TN:
SF:/Users/tomgalligan/Documents/FACxBeamery/Week9/tech-test-tom/client/src/AppContext.js
FN:13,(anonymous_0)
FN:24,(anonymous_1)
FNF:2
FNH:2
FNDA:21,(anonymous_0)
FNDA:17,(anonymous_1)
DA:4,1
DA:11,1
DA:13,1
DA:14,21
DA:16,15
DA:18,4
DA:20,2
DA:24,1
DA:25,17
DA:26,17
LF:10
LH:10
BRDA:14,0,0,15
BRDA:14,0,1,4
BRDA:14,0,2,2
BRF:3
BRH:3
end_of_record
TN:
SF:/Users/tomgalligan/Documents/FACxBeamery/Week9/tech-test-tom/client/src/mockResponse.js
FNF:0
FNH:0
DA:2,1
LF:1
LH:1
BRF:0
BRH:0
end_of_record
TN:
SF:/Users/tomgalligan/Documents/FACxBeamery/Week9/tech-test-tom/client/src/components/JobCard.js
FN:3,(anonymous_0)
FNF:1
FNH:0
FNDA:0,(anonymous_0)
DA:3,1
DA:5,0
LF:2
LH:1
BRF:0
BRH:0
end_of_record
TN:
SF:/Users/tomgalligan/Documents/FACxBeamery/Week9/tech-test-tom/client/src/components/JobList.js
FN:5,(anonymous_0)
FN:10,(anonymous_1)
FNF:2
FNH:1
FNDA:17,(anonymous_0)
FNDA:0,(anonymous_1)
DA:5,1
DA:6,17
DA:7,17
DA:8,4
DA:10,13
DA:11,0
DA:14,13
LF:7
LH:6
BRDA:7,0,0,4
BRDA:7,0,1,13
BRF:2
BRH:2
end_of_record
TN:
SF:/Users/tomgalligan/Documents/FACxBeamery/Week9/tech-test-tom/client/src/components/WelcomePage.js
FN:5,(anonymous_0)
FNF:1
FNH:1
FNDA:3,(anonymous_0)
DA:5,1
DA:6,3
LF:2
LH:2
BRF:0
BRH:0
end_of_record
TN:
SF:/Users/tomgalligan/Documents/FACxBeamery/Week9/tech-test-tom/client/src/components/searchForm/SearchField.js
FN:5,(anonymous_0)
FN:8,(anonymous_1)
FN:13,(anonymous_2)
FN:18,(anonymous_3)
FN:21,(anonymous_4)
FN:28,(anonymous_5)
FN:36,(anonymous_6)
FN:39,(anonymous_7)
FN:47,(anonymous_8)
FN:50,(anonymous_9)
FN:53,(anonymous_10)
FN:54,(anonymous_11)
FN:74,(anonymous_12)
FNF:13
FNH:13
FNDA:128769,(anonymous_0)
FNDA:13,(anonymous_1)
FNDA:65367,(anonymous_2)
FNDA:17,(anonymous_3)
FNDA:1,(anonymous_4)
FNDA:1,(anonymous_5)
FNDA:1,(anonymous_6)
FNDA:3,(anonymous_7)
FNDA:13,(anonymous_8)
FNDA:7,(anonymous_9)
FNDA:78,(anonymous_10)
FNDA:1,(anonymous_11)
FNDA:3,(anonymous_12)
DA:5,128769
DA:8,1
DA:9,13
DA:10,3
DA:11,3
DA:13,3
DA:14,65367
DA:18,1
DA:19,17
DA:21,17
DA:22,1
DA:23,1
DA:24,1
DA:25,1
DA:28,17
DA:29,1
DA:30,1
DA:31,1
DA:32,1
DA:33,1
DA:36,17
DA:37,1
DA:39,17
DA:40,3
DA:41,3
DA:42,3
DA:43,0
DA:47,17
DA:48,13
DA:50,17
DA:51,7
DA:53,17
DA:54,78
DA:55,1
DA:63,17
DA:75,3
DA:76,3
LF:37
LH:36
BRDA:9,0,0,10
BRDA:9,0,1,3
BRDA:13,1,0,0
BRDA:13,1,1,3
BRDA:42,2,0,0
BRDA:42,2,1,3
BRDA:53,3,0,11
BRDA:53,3,1,6
BRDA:71,4,0,17
BRDA:71,4,1,7
BRF:10
BRH:8
end_of_record
TN:
SF:/Users/tomgalligan/Documents/FACxBeamery/Week9/tech-test-tom/client/src/utils/getJobs.js
FN:1,(anonymous_0)
FN:8,(anonymous_1)
FNF:2
FNH:2
FNDA:2,(anonymous_0)
FNDA:2,(anonymous_1)
DA:1,1
DA:2,2
DA:3,2
DA:5,0
DA:8,1
DA:9,2
DA:13,2
DA:14,2
LF:8
LH:7
BRDA:2,0,0,2
BRDA:2,0,1,0
BRF:2
BRH:1
end_of_record
